https://www.hof-university.de/https://redigermany.de/https://redigermany.de/
https://hof-university.de/
https://www.hof-university.de/
https://docs.oracle.com/en/java/javase/16/index.html
https://www.youtube.com/
https://consent.youtube.com/m?continue=https%3A%2F%2Fwww.youtube.com%2F&gl=DE&m=0&pc=yt&uxe=23983172&hl=de&src=1
https://redigermany.de/
https://moodle.hof-university.de/
https://moodle.hof-university.de/login/index.php
https://moodle.hof-university.de/local/login
https://moodle.hof-university.de/local/login/
https://docs.oracle.com/en/java/javase/16/index.html
https://www.youtube.com/
https://consent.youtube.com/m?continue=https%3A%2F%2Fwww.youtube.com%2F&gl=DE&m=0&pc=yt&uxe=23983172&hl=de&src=1
https://consent.youtube.com/s
https://consent.google.com/s?continue=https://www.youtube.com/&v=cb.20210504-12-p0.de%2BFX%2B694&gl=DE&hl=de&x=6&pc=yt&uxe=23983172&src=1&t=ADw3F8g8_VpylOXyCIuW5OE3dYuDOhVf3A:1620478632038&rl=2&ca=r
https://consent.google.de/s?continue=https://www.youtube.com/&v=cb.20210504-12-p0.de%2BFX%2B694&gl=DE&hl=de&x=6&pc=yt&uxe=23983172&src=1&t=ADw3F8g8_VpylOXyCIuW5OE3dYuDOhVf3A:1620478632038&rl=1&ca=r
https://www.youtube.com/
https://www.youtube.com/feed/explore
https://www.youtube.com/watch?v=etMuUEYmVOY
https://www.youtube.com/watch?v=mKVVbE-3-n4
https://www.google.de/
http://own.dev.redigermany.de/
https://www.google.com/search?q=redi
https://docs.oracle.com/en/java/javase/16/index.html
https://redigermany.de/
https://redigermany.de/
https://redigermany.de/
https://redigermany.de/
https://redigermany.de/
https://redigermany.de/
https://redigermany.de/
https://redigermany.de/
https://redigermany.de/
https://hof-university.de/
https://www.hof-university.de/
https://docs.oracle.com/en/java/javase/16/index.html
https://redigermany.de/
https://docs.oracle.com/en/java/javase/16/index.html
https://redigermany.de/
https://docs.oracle.com/en/java/javase/16/index.html
https://redigermany.de/
https://docs.oracle.com/en/java/javase/16/index.html
https://hof-university.de/
https://www.hof-university.de/
https://www.youtube.com/
https://consent.youtube.com/m?continue=https%3A%2F%2Fwww.youtube.com%2F&gl=DE&m=0&pc=yt&uxe=23983172&hl=de&src=1
https://redigermany.de/
https://redigermany.de/
https://www.youtube.com/
https://consent.youtube.com/m?continue=https%3A%2F%2Fwww.youtube.com%2F&gl=DE&m=0&pc=yt&uxe=23983172&hl=de&src=1
https://consent.youtube.com/s
https://consent.google.com/s?continue=https://www.youtube.com/&v=cb.20210504-12-p0.de%2BFX%2B437&gl=DE&hl=de&x=6&pc=yt&uxe=23983172&src=1&t=ADw3F8iruHG4aW3MjhCQf7l2p2QfjJBKLQ:1620487827079&rl=2&ca=r
https://consent.google.de/s?continue=https://www.youtube.com/&v=cb.20210504-12-p0.de%2BFX%2B437&gl=DE&hl=de&x=6&pc=yt&uxe=23983172&src=1&t=ADw3F8iruHG4aW3MjhCQf7l2p2QfjJBKLQ:1620487827079&rl=1&ca=r
https://www.youtube.com/
https://www.google.com/search?q=de
https://www.google.com/search?q=fontawesome
https://fontawesome.com/
https://fontawesome.com/icons?d=gallery&p=1
https://fontawesome.com/icons?d=gallery&p=2
https://fontawesome.com/icons?d=gallery&p=2&q=t
https://fontawesome.com/icons?d=gallery&p=1&q=times
https://fontawesome.com/icons/times?style=solid
https://fontawesome.com/
https://fontawesome.com/how-to-use/on-the-web/referencing-icons/basic-use
https://fontawesome.com/icons?d=gallery&p=1
https://fontawesome.com/icons?d=gallery&p=2
https://fontawesome.com/icons?d=gallery&p=2&m=free
https://fontawesome.com/icons?d=gallery&p=1&m=free
about:blank
https://fontawesome.com/icons?d=gallery&p=1&m=free
https://fontawesome.com/icons?d=gallery&p=2&m=free
